  sfml_vs_edition.cpp
C:\Users\mahmu\Desktop\codez\vs\cpp\sfml_vs_edition\sfml_vs_edition\sfml_vs_edition.cpp(103,40): warning C4244: 'argument': conversion from 'int' to 'float', possible loss of data
C:\Users\mahmu\Desktop\codez\vs\cpp\sfml_vs_edition\sfml_vs_edition\sfml_vs_edition.cpp(103,28): warning C4244: 'argument': conversion from 'int' to 'float', possible loss of data
C:\Users\mahmu\Desktop\codez\vs\cpp\sfml_vs_edition\sfml_vs_edition\sfml_vs_edition.cpp(109,66): warning C4244: 'argument': conversion from 'int' to 'T', possible loss of data
C:\Users\mahmu\Desktop\codez\vs\cpp\sfml_vs_edition\sfml_vs_edition\sfml_vs_edition.cpp(109,66): warning C4244:         with
C:\Users\mahmu\Desktop\codez\vs\cpp\sfml_vs_edition\sfml_vs_edition\sfml_vs_edition.cpp(109,66): warning C4244:         [
C:\Users\mahmu\Desktop\codez\vs\cpp\sfml_vs_edition\sfml_vs_edition\sfml_vs_edition.cpp(109,66): warning C4244:             T=float
C:\Users\mahmu\Desktop\codez\vs\cpp\sfml_vs_edition\sfml_vs_edition\sfml_vs_edition.cpp(109,66): warning C4244:         ]
C:\Users\mahmu\Desktop\codez\vs\cpp\sfml_vs_edition\sfml_vs_edition\sfml_vs_edition.cpp(112,69): warning C4244: 'argument': conversion from 'int' to 'T', possible loss of data
C:\Users\mahmu\Desktop\codez\vs\cpp\sfml_vs_edition\sfml_vs_edition\sfml_vs_edition.cpp(112,69): warning C4244:         with
C:\Users\mahmu\Desktop\codez\vs\cpp\sfml_vs_edition\sfml_vs_edition\sfml_vs_edition.cpp(112,69): warning C4244:         [
C:\Users\mahmu\Desktop\codez\vs\cpp\sfml_vs_edition\sfml_vs_edition\sfml_vs_edition.cpp(112,69): warning C4244:             T=float
C:\Users\mahmu\Desktop\codez\vs\cpp\sfml_vs_edition\sfml_vs_edition\sfml_vs_edition.cpp(112,69): warning C4244:         ]
C:\Users\mahmu\Desktop\codez\vs\cpp\sfml_vs_edition\sfml_vs_edition\sfml_vs_edition.cpp(113,28): warning C4244: 'argument': conversion from 'int' to 'float', possible loss of data
C:\Users\mahmu\Desktop\codez\vs\cpp\sfml_vs_edition\sfml_vs_edition\sfml_vs_edition.cpp(115,70): warning C4244: 'argument': conversion from 'int' to 'T', possible loss of data
C:\Users\mahmu\Desktop\codez\vs\cpp\sfml_vs_edition\sfml_vs_edition\sfml_vs_edition.cpp(115,70): warning C4244:         with
C:\Users\mahmu\Desktop\codez\vs\cpp\sfml_vs_edition\sfml_vs_edition\sfml_vs_edition.cpp(115,70): warning C4244:         [
C:\Users\mahmu\Desktop\codez\vs\cpp\sfml_vs_edition\sfml_vs_edition\sfml_vs_edition.cpp(115,70): warning C4244:             T=float
C:\Users\mahmu\Desktop\codez\vs\cpp\sfml_vs_edition\sfml_vs_edition\sfml_vs_edition.cpp(115,70): warning C4244:         ]
C:\Users\mahmu\Desktop\codez\vs\cpp\sfml_vs_edition\sfml_vs_edition\sfml_vs_edition.cpp(118,71): warning C4244: 'argument': conversion from 'int' to 'T', possible loss of data
C:\Users\mahmu\Desktop\codez\vs\cpp\sfml_vs_edition\sfml_vs_edition\sfml_vs_edition.cpp(118,71): warning C4244:         with
C:\Users\mahmu\Desktop\codez\vs\cpp\sfml_vs_edition\sfml_vs_edition\sfml_vs_edition.cpp(118,71): warning C4244:         [
C:\Users\mahmu\Desktop\codez\vs\cpp\sfml_vs_edition\sfml_vs_edition\sfml_vs_edition.cpp(118,71): warning C4244:             T=float
C:\Users\mahmu\Desktop\codez\vs\cpp\sfml_vs_edition\sfml_vs_edition\sfml_vs_edition.cpp(118,71): warning C4244:         ]
C:\Users\mahmu\Desktop\codez\vs\cpp\sfml_vs_edition\sfml_vs_edition\sfml_vs_edition.cpp(119,24): warning C4244: 'argument': conversion from 'int' to 'float', possible loss of data
C:\Program Files\Microsoft Visual Studio\2022\Community\VC\Tools\MSVC\14.41.34120\include\memory(3597,56): warning C4244: 'argument': conversion from 'int' to 'float', possible loss of data
  (compiling source file 'sfml_vs_edition.cpp')
      C:\Program Files\Microsoft Visual Studio\2022\Community\VC\Tools\MSVC\14.41.34120\include\memory(3597,56):
      the template instantiation context (the oldest one first) is
          C:\Users\mahmu\Desktop\codez\vs\cpp\sfml_vs_edition\sfml_vs_edition\sfml_vs_edition.cpp(100,22):
          see reference to function template instantiation 'std::unique_ptr<sf::CircleShape,std::default_delete<sf::CircleShape>> std::make_unique<sf::CircleShape,int&,0>(int &)' being compiled
  
  Generating code
  2 of 210 functions ( 1.0%) were compiled, the rest were copied from previous compilation.
    0 functions were new in current compilation
    0 functions had inline decision re-evaluated but remain unchanged
  Finished generating code
  sfml_vs_edition.vcxproj -> C:\Users\mahmu\Desktop\codez\vs\cpp\sfml_vs_edition\sfml_vs_edition\x64\Release\sfml_vs_edition.exe
