sfml-graphics-s-d.lib(RectangleShape.obj) : warning LNK4099: PDB '' was not found with 'sfml-graphics-s-d.lib(RectangleShape.obj)' or at ''; linking object as if no debug info
sfml-graphics-s-d.lib(Shape.obj) : warning LNK4099: PDB '' was not found with 'sfml-graphics-s-d.lib(Shape.obj)' or at ''; linking object as if no debug info
sfml-graphics-s-d.lib(RenderWindow.obj) : warning LNK4099: PDB '' was not found with 'sfml-graphics-s-d.lib(RenderWindow.obj)' or at ''; linking object as if no debug info
sfml-graphics-s-d.lib(CircleShape.obj) : warning LNK4099: PDB '' was not found with 'sfml-graphics-s-d.lib(CircleShape.obj)' or at ''; linking object as if no debug info
sfml-graphics-s-d.lib(Transform.obj) : warning LNK4099: PDB '' was not found with 'sfml-graphics-s-d.lib(Transform.obj)' or at ''; linking object as if no debug info
sfml-graphics-s-d.lib(Transformable.obj) : warning LNK4099: PDB '' was not found with 'sfml-graphics-s-d.lib(Transformable.obj)' or at ''; linking object as if no debug info
sfml-graphics-s-d.lib(Color.obj) : warning LNK4099: PDB '' was not found with 'sfml-graphics-s-d.lib(Color.obj)' or at ''; linking object as if no debug info
sfml-graphics-s-d.lib(VertexArray.obj) : warning LNK4099: PDB '' was not found with 'sfml-graphics-s-d.lib(VertexArray.obj)' or at ''; linking object as if no debug info
sfml-graphics-s-d.lib(RenderTarget.obj) : warning LNK4099: PDB '' was not found with 'sfml-graphics-s-d.lib(RenderTarget.obj)' or at ''; linking object as if no debug info
sfml-graphics-s-d.lib(Texture.obj) : warning LNK4099: PDB '' was not found with 'sfml-graphics-s-d.lib(Texture.obj)' or at ''; linking object as if no debug info
sfml-graphics-s-d.lib(GLCheck.obj) : warning LNK4099: PDB '' was not found with 'sfml-graphics-s-d.lib(GLCheck.obj)' or at ''; linking object as if no debug info
sfml-graphics-s-d.lib(RenderTextureImplFBO.obj) : warning LNK4099: PDB '' was not found with 'sfml-graphics-s-d.lib(RenderTextureImplFBO.obj)' or at ''; linking object as if no debug info
sfml-graphics-s-d.lib(GLExtensions.obj) : warning LNK4099: PDB '' was not found with 'sfml-graphics-s-d.lib(GLExtensions.obj)' or at ''; linking object as if no debug info
sfml-graphics-s-d.lib(Vertex.obj) : warning LNK4099: PDB '' was not found with 'sfml-graphics-s-d.lib(Vertex.obj)' or at ''; linking object as if no debug info
sfml-graphics-s-d.lib(View.obj) : warning LNK4099: PDB '' was not found with 'sfml-graphics-s-d.lib(View.obj)' or at ''; linking object as if no debug info
sfml-graphics-s-d.lib(BlendMode.obj) : warning LNK4099: PDB '' was not found with 'sfml-graphics-s-d.lib(BlendMode.obj)' or at ''; linking object as if no debug info
sfml-graphics-s-d.lib(Shader.obj) : warning LNK4099: PDB '' was not found with 'sfml-graphics-s-d.lib(Shader.obj)' or at ''; linking object as if no debug info
sfml-graphics-s-d.lib(VertexBuffer.obj) : warning LNK4099: PDB '' was not found with 'sfml-graphics-s-d.lib(VertexBuffer.obj)' or at ''; linking object as if no debug info
sfml-graphics-s-d.lib(Image.obj) : warning LNK4099: PDB '' was not found with 'sfml-graphics-s-d.lib(Image.obj)' or at ''; linking object as if no debug info
sfml-graphics-s-d.lib(TextureSaver.obj) : warning LNK4099: PDB '' was not found with 'sfml-graphics-s-d.lib(TextureSaver.obj)' or at ''; linking object as if no debug info
sfml-graphics-s-d.lib(RenderTextureImpl.obj) : warning LNK4099: PDB '' was not found with 'sfml-graphics-s-d.lib(RenderTextureImpl.obj)' or at ''; linking object as if no debug info
sfml-graphics-s-d.lib(Glsl.obj) : warning LNK4099: PDB '' was not found with 'sfml-graphics-s-d.lib(Glsl.obj)' or at ''; linking object as if no debug info
sfml-graphics-s-d.lib(ImageLoader.obj) : warning LNK4099: PDB '' was not found with 'sfml-graphics-s-d.lib(ImageLoader.obj)' or at ''; linking object as if no debug info
sfml-window-s-d.lib(Window.obj) : warning LNK4099: PDB '' was not found with 'sfml-window-s-d.lib(Window.obj)' or at ''; linking object as if no debug info
sfml-window-s-d.lib(WindowBase.obj) : warning LNK4099: PDB '' was not found with 'sfml-window-s-d.lib(WindowBase.obj)' or at ''; linking object as if no debug info
sfml-window-s-d.lib(Context.obj) : warning LNK4099: PDB '' was not found with 'sfml-window-s-d.lib(Context.obj)' or at ''; linking object as if no debug info
sfml-window-s-d.lib(GlResource.obj) : warning LNK4099: PDB '' was not found with 'sfml-window-s-d.lib(GlResource.obj)' or at ''; linking object as if no debug info
sfml-window-s-d.lib(VideoMode.obj) : warning LNK4099: PDB '' was not found with 'sfml-window-s-d.lib(VideoMode.obj)' or at ''; linking object as if no debug info
sfml-window-s-d.lib(GlContext.obj) : warning LNK4099: PDB '' was not found with 'sfml-window-s-d.lib(GlContext.obj)' or at ''; linking object as if no debug info
sfml-window-s-d.lib(WindowImpl.obj) : warning LNK4099: PDB '' was not found with 'sfml-window-s-d.lib(WindowImpl.obj)' or at ''; linking object as if no debug info
sfml-window-s-d.lib(Cursor.obj) : warning LNK4099: PDB '' was not found with 'sfml-window-s-d.lib(Cursor.obj)' or at ''; linking object as if no debug info
sfml-window-s-d.lib(VideoModeImpl.obj) : warning LNK4099: PDB '' was not found with 'sfml-window-s-d.lib(VideoModeImpl.obj)' or at ''; linking object as if no debug info
sfml-window-s-d.lib(WglContext.obj) : warning LNK4099: PDB '' was not found with 'sfml-window-s-d.lib(WglContext.obj)' or at ''; linking object as if no debug info
sfml-window-s-d.lib(JoystickManager.obj) : warning LNK4099: PDB '' was not found with 'sfml-window-s-d.lib(JoystickManager.obj)' or at ''; linking object as if no debug info
sfml-window-s-d.lib(SensorManager.obj) : warning LNK4099: PDB '' was not found with 'sfml-window-s-d.lib(SensorManager.obj)' or at ''; linking object as if no debug info
sfml-window-s-d.lib(WindowImplWin32.obj) : warning LNK4099: PDB '' was not found with 'sfml-window-s-d.lib(WindowImplWin32.obj)' or at ''; linking object as if no debug info
sfml-window-s-d.lib(VulkanImplWin32.obj) : warning LNK4099: PDB '' was not found with 'sfml-window-s-d.lib(VulkanImplWin32.obj)' or at ''; linking object as if no debug info
sfml-window-s-d.lib(CursorImpl.obj) : warning LNK4099: PDB '' was not found with 'sfml-window-s-d.lib(CursorImpl.obj)' or at ''; linking object as if no debug info
sfml-window-s-d.lib(Joystick.obj) : warning LNK4099: PDB '' was not found with 'sfml-window-s-d.lib(Joystick.obj)' or at ''; linking object as if no debug info
sfml-window-s-d.lib(JoystickImpl.obj) : warning LNK4099: PDB '' was not found with 'sfml-window-s-d.lib(JoystickImpl.obj)' or at ''; linking object as if no debug info
sfml-window-s-d.lib(SensorImpl.obj) : warning LNK4099: PDB '' was not found with 'sfml-window-s-d.lib(SensorImpl.obj)' or at ''; linking object as if no debug info
sfml-system-s-d.lib(Mutex.obj) : warning LNK4099: PDB '' was not found with 'sfml-system-s-d.lib(Mutex.obj)' or at ''; linking object as if no debug info
sfml-system-s-d.lib(Lock.obj) : warning LNK4099: PDB '' was not found with 'sfml-system-s-d.lib(Lock.obj)' or at ''; linking object as if no debug info
sfml-system-s-d.lib(Err.obj) : warning LNK4099: PDB '' was not found with 'sfml-system-s-d.lib(Err.obj)' or at ''; linking object as if no debug info
sfml-system-s-d.lib(Time.obj) : warning LNK4099: PDB '' was not found with 'sfml-system-s-d.lib(Time.obj)' or at ''; linking object as if no debug info
sfml-system-s-d.lib(Clock.obj) : warning LNK4099: PDB '' was not found with 'sfml-system-s-d.lib(Clock.obj)' or at ''; linking object as if no debug info
sfml-system-s-d.lib(Sleep.obj) : warning LNK4099: PDB '' was not found with 'sfml-system-s-d.lib(Sleep.obj)' or at ''; linking object as if no debug info
sfml-system-s-d.lib(ThreadLocal.obj) : warning LNK4099: PDB '' was not found with 'sfml-system-s-d.lib(ThreadLocal.obj)' or at ''; linking object as if no debug info
sfml-system-s-d.lib(String.obj) : warning LNK4099: PDB '' was not found with 'sfml-system-s-d.lib(String.obj)' or at ''; linking object as if no debug info
sfml-system-s-d.lib(MutexImpl.obj) : warning LNK4099: PDB '' was not found with 'sfml-system-s-d.lib(MutexImpl.obj)' or at ''; linking object as if no debug info
sfml-system-s-d.lib(ClockImpl.obj) : warning LNK4099: PDB '' was not found with 'sfml-system-s-d.lib(ClockImpl.obj)' or at ''; linking object as if no debug info
sfml-system-s-d.lib(SleepImpl.obj) : warning LNK4099: PDB '' was not found with 'sfml-system-s-d.lib(SleepImpl.obj)' or at ''; linking object as if no debug info
sfml-system-s-d.lib(ThreadLocalImpl.obj) : warning LNK4099: PDB '' was not found with 'sfml-system-s-d.lib(ThreadLocalImpl.obj)' or at ''; linking object as if no debug info
LINK : warning LNK4217: symbol '?asSeconds@Time@sf@@QEBAMXZ (public: float __cdecl sf::Time::asSeconds(void)const )' defined in 'sfml-system-s-d.lib(Time.obj)' is imported by 'sfml_vs_edition.obj' in function 'main'
LINK : warning LNK4217: symbol '??0Clock@sf@@QEAA@XZ (public: __cdecl sf::Clock::Clock(void))' defined in 'sfml-system-s-d.lib(Clock.obj)' is imported by 'sfml_vs_edition.obj' in function 'main'
LINK : warning LNK4217: symbol '?restart@Clock@sf@@QEAA?AVTime@2@XZ (public: class sf::Time __cdecl sf::Clock::restart(void))' defined in 'sfml-system-s-d.lib(Clock.obj)' is imported by 'sfml_vs_edition.obj' in function 'main'
LINK : warning LNK4217: symbol '??0String@sf@@QEAA@AEBV?$basic_string@DU?$char_traits@D@std@@V?$allocator@D@2@@std@@AEBVlocale@3@@Z (public: __cdecl sf::String::String(class std::basic_string<char,struct std::char_traits<char>,class std::allocator<char> > const &,class std::locale const &))' defined in 'sfml-system-s-d.lib(String.obj)' is imported by 'sfml_vs_edition.obj' in function '"class std::unique_ptr<class sf::RenderWindow,struct std::default_delete<class sf::RenderWindow> > __cdecl std::make_unique<class sf::RenderWindow,class sf::VideoMode,class std::basic_string<char,struct std::char_traits<char>,class std::allocator<char> > &,enum sf::Style::<unnamed-enum-None>,struct sf::ContextSettings,0>(class sf::VideoMode &&,class std::basic_string<char,struct std::char_traits<char>,class std::allocator<char> > &,enum sf::Style::<unnamed-enum-None> &&,struct sf::ContextSettings &&)" (??$make_unique@VRenderWindow@sf@@VVideoMode@2@AEAV?$basic_string@DU?$char_traits@D@std@@V?$allocator@D@2@@std@@W4<unnamed-enum-None>@Style@2@UContextSettings@2@$0A@@std@@YA?AV?$unique_ptr@VRenderWindow@sf@@U?$default_delete@VRenderWindow@sf@@@std@@@0@$$QEAVVideoMode@sf@@AEAV?$basic_string@DU?$char_traits@D@std@@V?$allocator@D@2@@0@$$QEAW4<unnamed-enum-None>@Style@3@$$QEAUContextSettings@3@@Z)'
LINK : warning LNK4217: symbol '??1String@sf@@QEAA@XZ (public: __cdecl sf::String::~String(void))' defined in 'sfml-window-s-d.lib(WglContext.obj)' is imported by 'sfml_vs_edition.obj' in function '"class std::unique_ptr<class sf::RenderWindow,struct std::default_delete<class sf::RenderWindow> > __cdecl std::make_unique<class sf::RenderWindow,class sf::VideoMode,class std::basic_string<char,struct std::char_traits<char>,class std::allocator<char> > &,enum sf::Style::<unnamed-enum-None>,struct sf::ContextSettings,0>(class sf::VideoMode &&,class std::basic_string<char,struct std::char_traits<char>,class std::allocator<char> > &,enum sf::Style::<unnamed-enum-None> &&,struct sf::ContextSettings &&)" (??$make_unique@VRenderWindow@sf@@VVideoMode@2@AEAV?$basic_string@DU?$char_traits@D@std@@V?$allocator@D@2@@std@@W4<unnamed-enum-None>@Style@2@UContextSettings@2@$0A@@std@@YA?AV?$unique_ptr@VRenderWindow@sf@@U?$default_delete@VRenderWindow@sf@@@std@@@0@$$QEAVVideoMode@sf@@AEAV?$basic_string@DU?$char_traits@D@std@@V?$allocator@D@2@@0@$$QEAW4<unnamed-enum-None>@Style@3@$$QEAUContextSettings@3@@Z)'
LINK : warning LNK4217: symbol '??0VideoMode@sf@@QEAA@III@Z (public: __cdecl sf::VideoMode::VideoMode(unsigned int,unsigned int,unsigned int))' defined in 'sfml-window-s-d.lib(VideoMode.obj)' is imported by 'sfml_vs_edition.obj' in function '"class std::unique_ptr<class sf::RenderWindow,struct std::default_delete<class sf::RenderWindow> > __cdecl setup(class std::basic_string<char,struct std::char_traits<char>,class std::allocator<char> >,int,int,int)" (?setup@@YA?AV?$unique_ptr@VRenderWindow@sf@@U?$default_delete@VRenderWindow@sf@@@std@@@std@@V?$basic_string@DU?$char_traits@D@std@@V?$allocator@D@2@@2@HHH@Z)'
LINK : warning LNK4217: symbol '?isOpen@WindowBase@sf@@QEBA_NXZ (public: bool __cdecl sf::WindowBase::isOpen(void)const )' defined in 'sfml-window-s-d.lib(WindowBase.obj)' is imported by 'sfml_vs_edition.obj' in function 'main'
LINK : warning LNK4217: symbol '?pollEvent@WindowBase@sf@@QEAA_NAEAVEvent@2@@Z (public: bool __cdecl sf::WindowBase::pollEvent(class sf::Event &))' defined in 'sfml-window-s-d.lib(WindowBase.obj)' is imported by 'sfml_vs_edition.obj' in function 'main'
LINK : warning LNK4217: symbol '?display@Window@sf@@QEAAXXZ (public: void __cdecl sf::Window::display(void))' defined in 'sfml-window-s-d.lib(Window.obj)' is imported by 'sfml_vs_edition.obj' in function 'main'
LINK : warning LNK4217: symbol '?setPosition@Transformable@sf@@QEAAXMM@Z (public: void __cdecl sf::Transformable::setPosition(float,float))' defined in 'sfml-graphics-s-d.lib(Transformable.obj)' is imported by 'sfml_vs_edition.obj' in function '"class std::vector<class std::unique_ptr<class sf::RectangleShape,struct std::default_delete<class sf::RectangleShape> >,class std::allocator<class std::unique_ptr<class sf::RectangleShape,struct std::default_delete<class sf::RectangleShape> > > > __cdecl createBoundaryRectangles(int,int)" (?createBoundaryRectangles@@YA?AV?$vector@V?$unique_ptr@VRectangleShape@sf@@U?$default_delete@VRectangleShape@sf@@@std@@@std@@V?$allocator@V?$unique_ptr@VRectangleShape@sf@@U?$default_delete@VRectangleShape@sf@@@std@@@std@@@2@@std@@HH@Z)'
LINK : warning LNK4217: symbol '?setPosition@Transformable@sf@@QEAAXAEBV?$Vector2@M@2@@Z (public: void __cdecl sf::Transformable::setPosition(class sf::Vector2<float> const &))' defined in 'sfml-graphics-s-d.lib(Transformable.obj)' is imported by 'sfml_vs_edition.obj' in function '"class std::unique_ptr<class sf::CircleShape,struct std::default_delete<class sf::CircleShape> > __cdecl createBall(int,class sf::Color,class sf::Vector2<float>)" (?createBall@@YA?AV?$unique_ptr@VCircleShape@sf@@U?$default_delete@VCircleShape@sf@@@std@@@std@@HVColor@sf@@V?$Vector2@M@4@@Z)'
LINK : warning LNK4217: symbol '?setOrigin@Transformable@sf@@QEAAXMM@Z (public: void __cdecl sf::Transformable::setOrigin(float,float))' defined in 'sfml-graphics-s-d.lib(Transformable.obj)' is imported by 'sfml_vs_edition.obj' in function '"class std::unique_ptr<class sf::CircleShape,struct std::default_delete<class sf::CircleShape> > __cdecl createBall(int,class sf::Color,class sf::Vector2<float>)" (?createBall@@YA?AV?$unique_ptr@VCircleShape@sf@@U?$default_delete@VCircleShape@sf@@@std@@@std@@HVColor@sf@@V?$Vector2@M@4@@Z)'
LINK : warning LNK4217: symbol '?getPosition@Transformable@sf@@QEBAAEBV?$Vector2@M@2@XZ (public: class sf::Vector2<float> const & __cdecl sf::Transformable::getPosition(void)const )' defined in 'sfml-graphics-s-d.lib(Transformable.obj)' is imported by 'sfml_vs_edition.obj' in function 'main'
LINK : warning LNK4217: symbol '??0Color@sf@@QEAA@EEEE@Z (public: __cdecl sf::Color::Color(unsigned char,unsigned char,unsigned char,unsigned char))' defined in 'sfml-graphics-s-d.lib(Color.obj)' is imported by 'sfml_vs_edition.obj' in function 'main'
LINK : warning LNK4217: symbol '?setFillColor@Shape@sf@@QEAAXAEBVColor@2@@Z (public: void __cdecl sf::Shape::setFillColor(class sf::Color const &))' defined in 'sfml-graphics-s-d.lib(Shape.obj)' is imported by 'sfml_vs_edition.obj' in function '"class std::unique_ptr<class sf::CircleShape,struct std::default_delete<class sf::CircleShape> > __cdecl createBall(int,class sf::Color,class sf::Vector2<float>)" (?createBall@@YA?AV?$unique_ptr@VCircleShape@sf@@U?$default_delete@VCircleShape@sf@@@std@@@std@@HVColor@sf@@V?$Vector2@M@4@@Z)'
LINK : warning LNK4217: symbol '?getGlobalBounds@Shape@sf@@QEBA?AV?$Rect@M@2@XZ (public: class sf::Rect<float> __cdecl sf::Shape::getGlobalBounds(void)const )' defined in 'sfml-graphics-s-d.lib(Shape.obj)' is imported by 'sfml_vs_edition.obj' in function 'main'
LINK : warning LNK4217: symbol '??0CircleShape@sf@@QEAA@M_K@Z (public: __cdecl sf::CircleShape::CircleShape(float,unsigned __int64))' defined in 'sfml-graphics-s-d.lib(CircleShape.obj)' is imported by 'sfml_vs_edition.obj' in function '"class std::unique_ptr<class sf::CircleShape,struct std::default_delete<class sf::CircleShape> > __cdecl std::make_unique<class sf::CircleShape,int &,0>(int &)" (??$make_unique@VCircleShape@sf@@AEAH$0A@@std@@YA?AV?$unique_ptr@VCircleShape@sf@@U?$default_delete@VCircleShape@sf@@@std@@@0@AEAH@Z)'
LINK : warning LNK4217: symbol '??1CircleShape@sf@@UEAA@XZ (public: virtual __cdecl sf::CircleShape::~CircleShape(void))' defined in 'sfml-graphics-s-d.lib(CircleShape.obj)' is imported by 'sfml_vs_edition.obj' in function '"public: virtual void * __cdecl sf::CircleShape::`scalar deleting destructor'(unsigned int)" (??_GCircleShape@sf@@UEAAPEAXI@Z)'
LINK : warning LNK4217: symbol '??0RectangleShape@sf@@QEAA@AEBV?$Vector2@M@1@@Z (public: __cdecl sf::RectangleShape::RectangleShape(class sf::Vector2<float> const &))' defined in 'sfml-graphics-s-d.lib(RectangleShape.obj)' is imported by 'sfml_vs_edition.obj' in function '"class std::unique_ptr<class sf::RectangleShape,struct std::default_delete<class sf::RectangleShape> > __cdecl std::make_unique<class sf::RectangleShape,class sf::Vector2<float>,0>(class sf::Vector2<float> &&)" (??$make_unique@VRectangleShape@sf@@V?$Vector2@M@2@$0A@@std@@YA?AV?$unique_ptr@VRectangleShape@sf@@U?$default_delete@VRectangleShape@sf@@@std@@@0@$$QEAV?$Vector2@M@sf@@@Z)'
LINK : warning LNK4217: symbol '??1RectangleShape@sf@@UEAA@XZ (public: virtual __cdecl sf::RectangleShape::~RectangleShape(void))' defined in 'sfml-graphics-s-d.lib(RectangleShape.obj)' is imported by 'sfml_vs_edition.obj' in function '"public: virtual void * __cdecl sf::RectangleShape::`scalar deleting destructor'(unsigned int)" (??_GRectangleShape@sf@@UEAAPEAXI@Z)'
LINK : warning LNK4217: symbol '?clear@RenderTarget@sf@@QEAAXAEBVColor@2@@Z (public: void __cdecl sf::RenderTarget::clear(class sf::Color const &))' defined in 'sfml-graphics-s-d.lib(RenderTarget.obj)' is imported by 'sfml_vs_edition.obj' in function 'main'
LINK : warning LNK4217: symbol '?draw@RenderTarget@sf@@QEAAXAEBVDrawable@2@AEBVRenderStates@2@@Z (public: void __cdecl sf::RenderTarget::draw(class sf::Drawable const &,class sf::RenderStates const &))' defined in 'sfml-graphics-s-d.lib(RenderTarget.obj)' is imported by 'sfml_vs_edition.obj' in function 'main'
LINK : warning LNK4217: symbol '??0RenderWindow@sf@@QEAA@VVideoMode@1@AEBVString@1@IAEBUContextSettings@1@@Z (public: __cdecl sf::RenderWindow::RenderWindow(class sf::VideoMode,class sf::String const &,unsigned int,struct sf::ContextSettings const &))' defined in 'sfml-graphics-s-d.lib(RenderWindow.obj)' is imported by 'sfml_vs_edition.obj' in function '"class std::unique_ptr<class sf::RenderWindow,struct std::default_delete<class sf::RenderWindow> > __cdecl std::make_unique<class sf::RenderWindow,class sf::VideoMode,class std::basic_string<char,struct std::char_traits<char>,class std::allocator<char> > &,enum sf::Style::<unnamed-enum-None>,struct sf::ContextSettings,0>(class sf::VideoMode &&,class std::basic_string<char,struct std::char_traits<char>,class std::allocator<char> > &,enum sf::Style::<unnamed-enum-None> &&,struct sf::ContextSettings &&)" (??$make_unique@VRenderWindow@sf@@VVideoMode@2@AEAV?$basic_string@DU?$char_traits@D@std@@V?$allocator@D@2@@std@@W4<unnamed-enum-None>@Style@2@UContextSettings@2@$0A@@std@@YA?AV?$unique_ptr@VRenderWindow@sf@@U?$default_delete@VRenderWindow@sf@@@std@@@0@$$QEAVVideoMode@sf@@AEAV?$basic_string@DU?$char_traits@D@std@@V?$allocator@D@2@@0@$$QEAW4<unnamed-enum-None>@Style@3@$$QEAUContextSettings@3@@Z)'
LINK : warning LNK4217: symbol '??1RenderWindow@sf@@UEAA@XZ (public: virtual __cdecl sf::RenderWindow::~RenderWindow(void))' defined in 'sfml-graphics-s-d.lib(RenderWindow.obj)' is imported by 'sfml_vs_edition.obj' in function '"public: virtual void * __cdecl sf::RenderWindow::`scalar deleting destructor'(unsigned int)" (??_GRenderWindow@sf@@UEAAPEAXI@Z)'
LINK : warning LNK4217: symbol '?Red@Color@sf@@2V12@B (public: static class sf::Color const sf::Color::Red)' defined in 'sfml-graphics-s-d.lib(Color.obj)' is imported by 'sfml_vs_edition.obj' in function 'main'
sfml_vs_edition.obj : error LNK2019: unresolved external symbol "__declspec(dllimport) public: static class sf::RenderStates const sf::RenderStates::Default" (__imp_?Default@RenderStates@sf@@2V12@B) referenced in function main
C:\Users\mahmu\Desktop\codez\vs\cpp\sfml_vs_edition\sfml_vs_edition\x64\Debug\sfml_vs_edition.exe : fatal error LNK1120: 1 unresolved externals
